#
# There is insufficient memory for the Java Runtime Environment to continue.
# Native memory allocation (malloc) failed to allocate 980176 bytes for Chunk::new
# Possible reasons:
#   The system is out of physical RAM or swap space
#   The process is running with CompressedOops enabled, and the Java Heap may be blocking the growth of the native heap
# Possible solutions:
#   Reduce memory load on the system
#   Increase physical memory or swap space
#   Check if swap backing store is full
#   Decrease Java heap size (-Xmx/-Xms)
#   Decrease number of Java threads
#   Decrease Java thread stack sizes (-Xss)
#   Set larger code cache with -XX:ReservedCodeCacheSize=
#   JVM is running with Unscaled Compressed Oops mode in which the Java heap is
#     placed in the first 4GB address space. The Java Heap base address is the
#     maximum limit for the native heap growth. Please use -XX:HeapBaseMinAddress
#     to set the Java Heap base and to place the Java Heap above 4GB virtual address.
# This output file may be truncated or incomplete.
#
#  Out of Memory Error (allocation.cpp:389), pid=16068, tid=0x000000000000027c
#
# JRE version: OpenJDK Runtime Environment (8.0_242-b01) (build 1.8.0_242-release-1644-b01)
# Java VM: OpenJDK 64-Bit Server VM (25.242-b01 mixed mode windows-amd64 compressed oops)
# Failed to write core dump. Minidumps are not enabled by default on client versions of Windows
#

---------------  T H R E A D  ---------------

Current thread (0x00000000180f8000):  JavaThread "C2 CompilerThread2" daemon [_thread_in_native, id=636, stack(0x0000000018ba0000,0x0000000018ca0000)]

Stack: [0x0000000018ba0000,0x0000000018ca0000]
[error occurred during error reporting (printing stack bounds), id 0xc0000005]

Native frames: (J=compiled Java code, j=interpreted, Vv=VM code, C=native code)


Current CompileTask:
C2:1629053 16823 %     4       com.android.tools.r8.B.a.a.f::a @ 1690 (6062 bytes)


---------------  P R O C E S S  ---------------

Java Threads: ( => current thread )
  0x00000000202c6000 JavaThread "WorkerExecutor Queue Thread 10" [_thread_blocked, id=1948, stack(0x0000000028190000,0x0000000028290000)]
  0x00000000202c4000 JavaThread "Cache worker for Java compile cache (C:\Users\erkam\Desktop\school\AkdenizApp\.gradle\6.1.1\javaCompile)" [_thread_blocked, id=4444, stack(0x0000000027b00000,0x0000000027c00000)]
  0x00000000202b8800 JavaThread "Cache worker for Java compile cache (C:\Users\erkam\.gradle\caches\6.1.1\javaCompile)" [_thread_blocked, id=4348, stack(0x00000000277d0000,0x00000000278d0000)]
  0x00000000202be000 JavaThread "WorkerExecutor Queue Thread 9" [_thread_in_Java, id=10224, stack(0x0000000028e90000,0x0000000028f90000)]
  0x00000000202bc800 JavaThread "stdout" [_thread_in_native, id=8144, stack(0x0000000028d90000,0x0000000028e90000)]
  0x00000000202ba000 JavaThread "stderr" [_thread_in_native, id=9320, stack(0x0000000028c90000,0x0000000028d90000)]
  0x00000000202bb800 JavaThread "stdout" [_thread_in_native, id=2712, stack(0x0000000028b90000,0x0000000028c90000)]
  0x00000000202b9000 JavaThread "stderr" [_thread_in_native, id=148, stack(0x0000000028a90000,0x0000000028b90000)]
  0x00000000202bd000 JavaThread "stdout" [_thread_in_native, id=4784, stack(0x0000000028990000,0x0000000028a90000)]
  0x00000000202b1800 JavaThread "stderr" [_thread_in_native, id=8124, stack(0x0000000028890000,0x0000000028990000)]
  0x00000000202b3000 JavaThread "stdout" [_thread_in_native, id=13452, stack(0x0000000028790000,0x0000000028890000)]
  0x00000000202b0800 JavaThread "stderr" [_thread_in_native, id=12428, stack(0x0000000028690000,0x0000000028790000)]
  0x00000000202b0000 JavaThread "stdout" [_thread_in_native, id=15268, stack(0x0000000028590000,0x0000000028690000)]
  0x00000000202b6800 JavaThread "stderr" [_thread_in_native, id=12048, stack(0x0000000028490000,0x0000000028590000)]
  0x00000000202b5000 JavaThread "stdout" [_thread_in_native, id=8460, stack(0x0000000028390000,0x0000000028490000)]
  0x00000000202b6000 JavaThread "stderr" [_thread_in_native, id=1736, stack(0x0000000028290000,0x0000000028390000)]
  0x0000000019880800 JavaThread "WorkerExecutor Queue" [_thread_blocked, id=8768, stack(0x0000000027c90000,0x0000000027d90000)]
  0x0000000019881800 JavaThread "stdout" [_thread_in_native, id=14700, stack(0x00000000276d0000,0x00000000277d0000)]
  0x0000000019883800 JavaThread "stderr" [_thread_in_native, id=12204, stack(0x00000000275d0000,0x00000000276d0000)]
  0x0000000019882000 JavaThread "stdout" [_thread_in_native, id=11748, stack(0x0000000027280000,0x0000000027380000)]
  0x0000000019879000 JavaThread "stderr" [_thread_in_native, id=16344, stack(0x0000000027180000,0x0000000027280000)]
  0x000000001987d800 JavaThread "pool-4-thread-1" [_thread_blocked, id=15364, stack(0x0000000025aa0000,0x0000000025ba0000)]
  0x000000001987d000 JavaThread "Cache worker for execution history cache (C:\Users\erkam\Desktop\school\AkdenizApp\.gradle\6.1.1\executionHistory)" [_thread_blocked, id=9876, stack(0x00000000259a0000,0x0000000025aa0000)]
  0x000000001987c000 JavaThread "Execution worker for ':' Thread 7" [_thread_blocked, id=15920, stack(0x0000000027080000,0x0000000027180000)]
  0x000000001987a000 JavaThread "Execution worker for ':' Thread 6" [_thread_in_Java, id=1980, stack(0x0000000026f80000,0x0000000027080000)]
  0x000000001ae4c000 JavaThread "Execution worker for ':' Thread 5" [_thread_blocked, id=10252, stack(0x0000000026e80000,0x0000000026f80000)]
  0x000000001ae49000 JavaThread "Execution worker for ':' Thread 4" [_thread_blocked, id=4092, stack(0x0000000026d80000,0x0000000026e80000)]
  0x000000001ae47800 JavaThread "Execution worker for ':' Thread 3" [_thread_blocked, id=15376, stack(0x0000000026c80000,0x0000000026d80000)]
  0x000000001ae46800 JavaThread "Execution worker for ':' Thread 2" [_thread_blocked, id=7696, stack(0x0000000026b80000,0x0000000026c80000)]
  0x000000001b1e4800 JavaThread "Execution worker for ':'" [_thread_blocked, id=2288, stack(0x0000000026a80000,0x0000000026b80000)]
  0x000000001b1e1800 JavaThread "Cache worker for file content cache (C:\Users\erkam\Desktop\school\AkdenizApp\.gradle\6.1.1\fileContent)" [_thread_blocked, id=2752, stack(0x0000000026980000,0x0000000026a80000)]
  0x000000001b1e3800 JavaThread "Cache worker for file content cache (C:\Users\erkam\.gradle\caches\6.1.1\fileContent)" [_thread_blocked, id=13412, stack(0x0000000026880000,0x0000000026980000)]
  0x000000001b1e7800 JavaThread "Memory manager" [_thread_blocked, id=5840, stack(0x00000000255a0000,0x00000000256a0000)]
  0x000000001b1d8800 JavaThread "Cache worker for Build Output Cleanup Cache (C:\Users\erkam\Desktop\school\AkdenizApp\.gradle\buildOutputCleanup)" [_thread_blocked, id=10916, stack(0x0000000024800000,0x0000000024900000)]
  0x000000001b1dd000 JavaThread "Build operations Thread 8" [_thread_blocked, id=13356, stack(0x0000000024100000,0x0000000024200000)]
  0x000000001b1da000 JavaThread "Build operations Thread 7" [_thread_blocked, id=4424, stack(0x0000000024000000,0x0000000024100000)]
  0x000000001b1db800 JavaThread "Build operations Thread 6" [_thread_blocked, id=10976, stack(0x0000000023f00000,0x0000000024000000)]
  0x000000001b1dc000 JavaThread "Build operations Thread 5" [_thread_blocked, id=2544, stack(0x0000000023e00000,0x0000000023f00000)]
  0x000000001b1df000 JavaThread "Build operations Thread 4" [_thread_blocked, id=9700, stack(0x0000000022c70000,0x0000000022d70000)]
  0x000000001b1da800 JavaThread "Build operations Thread 3" [_thread_blocked, id=3984, stack(0x0000000022920000,0x0000000022a20000)]
  0x000000001b1de800 JavaThread "Build operations Thread 2" [_thread_blocked, id=5208, stack(0x0000000022820000,0x0000000022920000)]
  0x000000001e99e000 JavaThread "Build operations" [_thread_blocked, id=9884, stack(0x0000000022720000,0x0000000022820000)]
  0x000000001e99d000 JavaThread "Cache worker for cache directory md-rule (C:\Users\erkam\.gradle\caches\6.1.1\md-rule)" [_thread_blocked, id=11952, stack(0x000000001fa20000,0x000000001fb20000)]
  0x000000001e99c800 JavaThread "Cache worker for cache directory md-supplier (C:\Users\erkam\.gradle\caches\6.1.1\md-supplier)" [_thread_blocked, id=2276, stack(0x000000001f580000,0x000000001f680000)]
  0x000000001e99b000 JavaThread "Cache worker for file hash cache (C:\Users\erkam\Desktop\school\AkdenizApp\.gradle\6.1.1\fileHashes)" [_thread_blocked, id=11196, stack(0x000000001f280000,0x000000001f380000)]
  0x000000001e9a0000 JavaThread "Cache worker for checksums cache (C:\Users\erkam\Desktop\school\AkdenizApp\.gradle\checksums)" [_thread_blocked, id=12780, stack(0x000000001c8e0000,0x000000001c9e0000)]
  0x000000001e99f800 JavaThread "Thread-40" [_thread_blocked, id=8756, stack(0x000000001c5e0000,0x000000001c6e0000)]
  0x000000001e9a1800 JavaThread "Stdin handler" [_thread_blocked, id=6916, stack(0x000000001c4e0000,0x000000001c5e0000)]
  0x000000001e9a1000 JavaThread "Asynchronous log dispatcher for DefaultDaemonConnection: socket connection from /127.0.0.1:55957 to /127.0.0.1:56504" [_thread_blocked, id=14884, stack(0x000000001c1e0000,0x000000001c2e0000)]
  0x000000001e99b800 JavaThread "Daemon worker Thread 2" [_thread_in_vm, id=5188, stack(0x000000001c0e0000,0x000000001c1e0000)]
  0x000000001e99e800 JavaThread "Cancel handler" [_thread_blocked, id=14060, stack(0x0000000000920000,0x0000000000a20000)]
  0x000000001e993800 JavaThread "Handler for socket connection from /127.0.0.1:55957 to /127.0.0.1:56504" [_thread_in_native, id=11276, stack(0x00000000007e0000,0x00000000008e0000)]
  0x000000001e99a000 JavaThread "Daemon Thread 2" [_thread_blocked, id=13196, stack(0x00000000005d0000,0x00000000006d0000)]
  0x000000001ae4a800 JavaThread "Cache worker for execution history cache (C:\Users\erkam\.gradle\caches\6.1.1\executionHistory)" [_thread_blocked, id=13908, stack(0x000000001f720000,0x000000001f820000)]
  0x000000001ae46000 JavaThread "Cache worker for file hash cache (C:\Users\erkam\.gradle\caches\6.1.1\fileHashes)" [_thread_blocked, id=7392, stack(0x000000001cde0000,0x000000001cee0000)]
  0x000000001ae48000 JavaThread "File lock request listener" [_thread_in_native, id=10848, stack(0x000000001cce0000,0x000000001cde0000)]
  0x000000001af78800 JavaThread "Cache worker for journal cache (C:\Users\erkam\.gradle\caches\journal-1)" [_thread_blocked, id=13436, stack(0x000000001cbe0000,0x000000001cce0000)]
  0x000000001ac20800 JavaThread "Daemon periodic checks" [_thread_blocked, id=10352, stack(0x000000001bfe0000,0x000000001c0e0000)]
  0x000000001ac1d800 JavaThread "Incoming local TCP Connector on port 55957" [_thread_in_native, id=6936, stack(0x000000001bda0000,0x000000001bea0000)]
  0x000000001abdd800 JavaThread "Daemon health stats" [_thread_blocked, id=8208, stack(0x000000001b740000,0x000000001b840000)]
  0x0000000018142000 JavaThread "Service Thread" daemon [_thread_blocked, id=15748, stack(0x0000000018da0000,0x0000000018ea0000)]
  0x00000000180fb800 JavaThread "C1 CompilerThread3" daemon [_thread_blocked, id=13200, stack(0x0000000018ca0000,0x0000000018da0000)]
=>0x00000000180f8000 JavaThread "C2 CompilerThread2" daemon [_thread_in_native, id=636, stack(0x0000000018ba0000,0x0000000018ca0000)]
  0x00000000162fc000 JavaThread "C2 CompilerThread1" daemon [_thread_in_vm, id=13004, stack(0x0000000018aa0000,0x0000000018ba0000)]
  0x00000000180e2800 JavaThread "C2 CompilerThread0" daemon [_thread_in_native, id=15224, stack(0x00000000189a0000,0x0000000018aa0000)]
  0x00000000180e1000 JavaThread "Attach Listener" daemon [_thread_blocked, id=3496, stack(0x00000000188a0000,0x00000000189a0000)]
  0x00000000180e0000 JavaThread "Signal Dispatcher" daemon [_thread_blocked, id=11816, stack(0x00000000187a0000,0x00000000188a0000)]
  0x00000000180d1800 JavaThread "Finalizer" daemon [_thread_blocked, id=2236, stack(0x00000000185b0000,0x00000000186b0000)]
  0x00000000180d0800 JavaThread "Reference Handler" daemon [_thread_blocked, id=3468, stack(0x00000000184b0000,0x00000000185b0000)]
  0x00000000022cd800 JavaThread "main" [_thread_blocked, id=8876, stack(0x0000000002330000,0x0000000002430000)]

Other Threads:
  0x00000000162e8000 VMThread [stack: 0x0000000017fb0000,0x00000000180b0000] [id=1780]
  0x0000000018142800 WatcherThread [stack: 0x0000000018ea0000,0x0000000018fa0000] [id=8336]

VM state:not at safepoint (normal execution)

VM Mutex/Monitor currently owned by a thread:  ([mutex/lock_event])
[0x00000000022cc120] CodeCache_lock - owner thread: 0x0000000000000000
[0x00000000022cc570] MemberNameTable_lock - owner thread: 0x000000001ae49000

heap address: 0x00000000a0000000, size: 1536 MB, Compressed Oops mode: 32-bit
Narrow klass base: 0x0000000000000000, Narrow klass shift: 3
Compressed class space size: 1073741824 Address: 0x0000000100000000

Heap:
 PSYoungGen      total 463872K, used 125359K [0x00000000e0000000, 0x0000000100000000, 0x0000000100000000)
  eden space 415744K, 30% used [0x00000000e0000000,0x00000000e7a6bf80,0x00000000f9600000)
  from space 48128K, 0% used [0x00000000fd100000,0x00000000fd100000,0x0000000100000000)
  to   space 54272K, 0% used [0x00000000f9600000,0x00000000f9600000,0x00000000fcb00000)
 ParOldGen       total 204800K, used 74299K [0x00000000a0000000, 0x00000000ac800000, 0x00000000e0000000)
  object space 204800K, 36% used [0x00000000a0000000,0x00000000a488ecf8,0x00000000ac800000)
 Metaspace       used 94768K, capacity 98612K, committed 101272K, reserved 1136640K
  class space    used 12416K, capacity 13216K, committed 13744K, reserved 1048576K

Card table byte_map: [0x00000000118f0000,0x0000000011c00000] byte_map_base: 0x00000000113f0000

Marking Bits: (ParMarkBitMap*) 0x0000000053daf030
 Begin Bits: [0x0000000012600000, 0x0000000013e00000)
 End Bits:   [0x0000000013e00000, 0x0000000015600000)

Polling page: 0x00000000022a0000

CodeCache: size=245760Kb used=47082Kb max_used=47417Kb free=198677Kb
 bounds [0x0000000002530000, 0x00000000053c0000, 0x0000000011530000]
 total_blobs=14628 nmethods=13748 adapters=791
 compilation: enabled

Compilation events (10 events):
Event: 1629.033 Thread 0x00000000180fb800 16871       1       com.android.tools.r8.u.b.h0::E0 (5 bytes)
Event: 1629.034 Thread 0x00000000180fb800 nmethod 16871 0x00000000029e05d0 code [0x00000000029e0720, 0x00000000029e0830]
Event: 1629.037 Thread 0x00000000180fb800 16873       1       com.android.tools.r8.u.b.W::r (5 bytes)
Event: 1629.037 Thread 0x00000000180fb800 nmethod 16873 0x0000000002c09dd0 code [0x0000000002c09f20, 0x0000000002c0a030]
Event: 1629.039 Thread 0x00000000180fb800 16876       2       java.util.Collections$SetFromMap::contains (11 bytes)
Event: 1629.039 Thread 0x00000000180fb800 nmethod 16876 0x0000000002ef4e50 code [0x0000000002ef4fc0, 0x0000000002ef5148]
Event: 1629.041 Thread 0x00000000180fb800 16878       1       com.android.tools.r8.u.b.h0::Y1 (2 bytes)
Event: 1629.042 Thread 0x00000000180fb800 nmethod 16878 0x000000000310b710 code [0x000000000310b860, 0x000000000310b970]
Event: 1629.044 Thread 0x00000000180fb800 16877       1       com.android.tools.r8.u.b.m1::r (5 bytes)
Event: 1629.044 Thread 0x00000000180fb800 nmethod 16877 0x00000000031dd7d0 code [0x00000000031dd920, 0x00000000031dda30]

GC Heap History (10 events):
Event: 1615.670 GC heap before
{Heap before GC invocations=14 (full 3):
 PSYoungGen      total 488448K, used 488446K [0x00000000e0000000, 0x0000000100000000, 0x0000000100000000)
  eden space 463872K, 100% used [0x00000000e0000000,0x00000000fc500000,0x00000000fc500000)
  from space 24576K, 99% used [0x00000000fe280000,0x00000000ffa7f968,0x00000000ffa80000)
  to   space 30208K, 0% used [0x00000000fc500000,0x00000000fc500000,0x00000000fe280000)
 ParOldGen       total 128512K, used 37372K [0x00000000a0000000, 0x00000000a7d80000, 0x00000000e0000000)
  object space 128512K, 29% used [0x00000000a0000000,0x00000000a247f128,0x00000000a7d80000)
 Metaspace       used 81663K, capacity 85910K, committed 86168K, reserved 1124352K
  class space    used 10837K, capacity 11653K, committed 11696K, reserved 1048576K
Event: 1615.923 GC heap after
Heap after GC invocations=14 (full 3):
 PSYoungGen      total 494080K, used 30189K [0x00000000e0000000, 0x0000000100000000, 0x0000000100000000)
  eden space 463872K, 0% used [0x00000000e0000000,0x00000000e0000000,0x00000000fc500000)
  from space 30208K, 99% used [0x00000000fc500000,0x00000000fe27b5b0,0x00000000fe280000)
  to   space 30208K, 0% used [0x00000000fe280000,0x00000000fe280000,0x0000000100000000)
 ParOldGen       total 128512K, used 71003K [0x00000000a0000000, 0x00000000a7d80000, 0x00000000e0000000)
  object space 128512K, 55% used [0x00000000a0000000,0x00000000a4556ea0,0x00000000a7d80000)
 Metaspace       used 81663K, capacity 85910K, committed 86168K, reserved 1124352K
  class space    used 10837K, capacity 11653K, committed 11696K, reserved 1048576K
}
Event: 1623.533 GC heap before
{Heap before GC invocations=15 (full 3):
 PSYoungGen      total 494080K, used 494061K [0x00000000e0000000, 0x0000000100000000, 0x0000000100000000)
  eden space 463872K, 100% used [0x00000000e0000000,0x00000000fc500000,0x00000000fc500000)
  from space 30208K, 99% used [0x00000000fc500000,0x00000000fe27b5b0,0x00000000fe280000)
  to   space 30208K, 0% used [0x00000000fe280000,0x00000000fe280000,0x0000000100000000)
 ParOldGen       total 128512K, used 71003K [0x00000000a0000000, 0x00000000a7d80000, 0x00000000e0000000)
  object space 128512K, 55% used [0x00000000a0000000,0x00000000a4556ea0,0x00000000a7d80000)
 Metaspace       used 84656K, capacity 89186K, committed 89496K, reserved 1126400K
  class space    used 11193K, capacity 12111K, committed 12208K, reserved 1048576K
Event: 1623.698 GC heap after
Heap after GC invocations=15 (full 3):
 PSYoungGen      total 458240K, used 27403K [0x00000000e0000000, 0x0000000100000000, 0x0000000100000000)
  eden space 428032K, 0% used [0x00000000e0000000,0x00000000e0000000,0x00000000fa200000)
  from space 30208K, 90% used [0x00000000fe280000,0x00000000ffd42dd0,0x0000000100000000)
  to   space 48128K, 0% used [0x00000000fa200000,0x00000000fa200000,0x00000000fd100000)
 ParOldGen       total 128512K, used 87574K [0x00000000a0000000, 0x00000000a7d80000, 0x00000000e0000000)
  object space 128512K, 68% used [0x00000000a0000000,0x00000000a5585898,0x00000000a7d80000)
 Metaspace       used 84656K, capacity 89186K, committed 89496K, reserved 1126400K
  class space    used 11193K, capacity 12111K, committed 12208K, reserved 1048576K
}
Event: 1627.741 GC heap before
{Heap before GC invocations=16 (full 3):
 PSYoungGen      total 458240K, used 455435K [0x00000000e0000000, 0x0000000100000000, 0x0000000100000000)
  eden space 428032K, 100% used [0x00000000e0000000,0x00000000fa200000,0x00000000fa200000)
  from space 30208K, 90% used [0x00000000fe280000,0x00000000ffd42dd0,0x0000000100000000)
  to   space 48128K, 0% used [0x00000000fa200000,0x00000000fa200000,0x00000000fd100000)
 ParOldGen       total 128512K, used 87574K [0x00000000a0000000, 0x00000000a7d80000, 0x00000000e0000000)
  object space 128512K, 68% used [0x00000000a0000000,0x00000000a5585898,0x00000000a7d80000)
 Metaspace       used 92803K, capacity 97856K, committed 98072K, reserved 1134592K
  class space    used 12218K, capacity 13244K, committed 13360K, reserved 1048576K
Event: 1627.819 GC heap after
Heap after GC invocations=16 (full 3):
 PSYoungGen      total 476160K, used 48097K [0x00000000e0000000, 0x0000000100000000, 0x0000000100000000)
  eden space 428032K, 0% used [0x00000000e0000000,0x00000000e0000000,0x00000000fa200000)
  from space 48128K, 99% used [0x00000000fa200000,0x00000000fd0f8648,0x00000000fd100000)
  to   space 48128K, 0% used [0x00000000fd100000,0x00000000fd100000,0x0000000100000000)
 ParOldGen       total 128512K, used 89862K [0x00000000a0000000, 0x00000000a7d80000, 0x00000000e0000000)
  object space 128512K, 69% used [0x00000000a0000000,0x00000000a57c1b60,0x00000000a7d80000)
 Metaspace       used 92803K, capacity 97856K, committed 98072K, reserved 1134592K
  class space    used 12218K, capacity 13244K, committed 13360K, reserved 1048576K
}
Event: 1627.948 GC heap before
{Heap before GC invocations=17 (full 3):
 PSYoungGen      total 476160K, used 97550K [0x00000000e0000000, 0x0000000100000000, 0x0000000100000000)
  eden space 428032K, 11% used [0x00000000e0000000,0x00000000e304b4c0,0x00000000fa200000)
  from space 48128K, 99% used [0x00000000fa200000,0x00000000fd0f8648,0x00000000fd100000)
  to   space 48128K, 0% used [0x00000000fd100000,0x00000000fd100000,0x0000000100000000)
 ParOldGen       total 128512K, used 89862K [0x00000000a0000000, 0x00000000a7d80000, 0x00000000e0000000)
  object space 128512K, 69% used [0x00000000a0000000,0x00000000a57c1b60,0x00000000a7d80000)
 Metaspace       used 93435K, capacity 98524K, committed 98584K, reserved 1134592K
  class space    used 12295K, capacity 13342K, committed 13360K, reserved 1048576K
Event: 1627.997 GC heap after
Heap after GC invocations=17 (full 3):
 PSYoungGen      total 463872K, used 25414K [0x00000000e0000000, 0x0000000100000000, 0x0000000100000000)
  eden space 415744K, 0% used [0x00000000e0000000,0x00000000e0000000,0x00000000f9600000)
  from space 48128K, 52% used [0x00000000fd100000,0x00000000fe9d1b90,0x0000000100000000)
  to   space 54272K, 0% used [0x00000000f9600000,0x00000000f9600000,0x00000000fcb00000)
 ParOldGen       total 128512K, used 108957K [0x00000000a0000000, 0x00000000a7d80000, 0x00000000e0000000)
  object space 128512K, 84% used [0x00000000a0000000,0x00000000a6a674c0,0x00000000a7d80000)
 Metaspace       used 93435K, capacity 98524K, committed 98584K, reserved 1134592K
  class space    used 12295K, capacity 13342K, committed 13360K, reserved 1048576K
}
Event: 1627.997 GC heap before
{Heap before GC invocations=18 (full 4):
 PSYoungGen      total 463872K, used 25414K [0x00000000e0000000, 0x0000000100000000, 0x0000000100000000)
  eden space 415744K, 0% used [0x00000000e0000000,0x00000000e0000000,0x00000000f9600000)
  from space 48128K, 52% used [0x00000000fd100000,0x00000000fe9d1b90,0x0000000100000000)
  to   space 54272K, 0% used [0x00000000f9600000,0x00000000f9600000,0x00000000fcb00000)
 ParOldGen       total 128512K, used 108957K [0x00000000a0000000, 0x00000000a7d80000, 0x00000000e0000000)
  object space 128512K, 84% used [0x00000000a0000000,0x00000000a6a674c0,0x00000000a7d80000)
 Metaspace       used 93435K, capacity 98524K, committed 98584K, reserved 1134592K
  class space    used 12295K, capacity 13342K, committed 13360K, reserved 1048576K
Event: 1628.719 GC heap after
Heap after GC invocations=18 (full 4):
 PSYoungGen      total 463872K, used 0K [0x00000000e0000000, 0x0000000100000000, 0x0000000100000000)
  eden space 415744K, 0% used [0x00000000e0000000,0x00000000e0000000,0x00000000f9600000)
  from space 48128K, 0% used [0x00000000fd100000,0x00000000fd100000,0x0000000100000000)
  to   space 54272K, 0% used [0x00000000f9600000,0x00000000f9600000,0x00000000fcb00000)
 ParOldGen       total 204800K, used 74299K [0x00000000a0000000, 0x00000000ac800000, 0x00000000e0000000)
  object space 204800K, 36% used [0x00000000a0000000,0x00000000a488ecf8,0x00000000ac800000)
 Metaspace       used 92072K, capacity 95568K, committed 98584K, reserved 1134592K
  class space    used 11957K, capacity 12734K, committed 13360K, reserved 1048576K
}

Deoptimization events (10 events):
Event: 1628.936 Thread 0x00000000202be000 Uncommon trap: reason=array_check action=maybe_recompile pc=0x0000000004dbd3bc method=com.google.common.collect.RegularImmutableMap.fromEntryArray(I[Ljava/util/Map$Entry;)Lcom/google/common/collect/ImmutableMap; @ 157
Event: 1628.949 Thread 0x000000001ae49000 Uncommon trap: reason=speculate_class_check action=maybe_recompile pc=0x000000000376d34c method=java.util.HashMap.putVal(ILjava/lang/Object;Ljava/lang/Object;ZZ)Ljava/lang/Object; @ 152
Event: 1628.950 Thread 0x000000001e99b800 Uncommon trap: reason=speculate_class_check action=maybe_recompile pc=0x000000000376d34c method=java.util.HashMap.putVal(ILjava/lang/Object;Ljava/lang/Object;ZZ)Ljava/lang/Object; @ 152
Event: 1628.958 Thread 0x000000001ae49000 Uncommon trap: reason=unstable_if action=reinterpret pc=0x0000000002ab96ac method=java.util.WeakHashMap.remove(Ljava/lang/Object;)Ljava/lang/Object; @ 94
Event: 1628.997 Thread 0x000000001ae47800 Uncommon trap: reason=bimorphic action=maybe_recompile pc=0x00000000027d226c method=java.util.Collections$SetFromMap.contains(Ljava/lang/Object;)Z @ 5
Event: 1628.997 Thread 0x000000001ae46800 Uncommon trap: reason=bimorphic action=maybe_recompile pc=0x00000000027d226c method=java.util.Collections$SetFromMap.contains(Ljava/lang/Object;)Z @ 5
Event: 1628.997 Thread 0x000000001b1e4800 Uncommon trap: reason=bimorphic action=maybe_recompile pc=0x00000000027d226c method=java.util.Collections$SetFromMap.contains(Ljava/lang/Object;)Z @ 5
Event: 1628.997 Thread 0x000000001ae4c000 Uncommon trap: reason=bimorphic action=maybe_recompile pc=0x00000000027d226c method=java.util.Collections$SetFromMap.contains(Ljava/lang/Object;)Z @ 5
Event: 1629.012 Thread 0x000000001ae4c000 Uncommon trap: reason=class_check action=maybe_recompile pc=0x000000000503425c method=java.util.Map.computeIfAbsent(Ljava/lang/Object;Ljava/util/function/Function;)Ljava/lang/Object; @ 7
Event: 1629.012 Thread 0x000000001b1e4800 Uncommon trap: reason=class_check action=maybe_recompile pc=0x000000000503425c method=java.util.Map.computeIfAbsent(Ljava/lang/Object;Ljava/util/function/Function;)Ljava/lang/Object; @ 7

Classes redefined (0 events):
No events

Internal exceptions (10 events):
Event: 1627.441 Thread 0x000000001ae46800 Exception <a 'sun/nio/fs/WindowsException'> (0x00000000f3fe8c30) thrown at [C:\src\AOSP-openjdk-git\hotspot\src\share\vm\prims\jni.cpp, line 710]
Event: 1627.466 Thread 0x000000001b1e4800 Exception <a 'java/lang/NoSuchMethodError': java.lang.Object.lambda$static$0(Ljava/lang/String;)Z> (0x00000000f42a7f48) thrown at [C:\src\AOSP-openjdk-git\hotspot\src\share\vm\interpreter\linkResolver.cpp, line 620]
Event: 1627.498 Thread 0x00000000202be000 Exception <a 'java/lang/NoSuchMethodError': java.lang.Object.newSystemTemporaryDirectory()Lcom/android/tools/build/apkzlib/bytestorage/TemporaryDirectory;> (0x00000000f4a8bc28) thrown at [C:\src\AOSP-openjdk-git\hotspot\src\share\vm\interpreter\linkResolv
Event: 1627.527 Thread 0x000000001ae4c000 Exception <a 'sun/nio/fs/WindowsException'> (0x00000000f4de0810) thrown at [C:\src\AOSP-openjdk-git\hotspot\src\share\vm\prims\jni.cpp, line 710]
Event: 1627.534 Thread 0x000000001b1e4800 Exception <a 'sun/nio/fs/WindowsException'> (0x00000000f510e638) thrown at [C:\src\AOSP-openjdk-git\hotspot\src\share\vm\prims\jni.cpp, line 710]
Event: 1627.550 Thread 0x000000001ae47800 Exception <a 'sun/nio/fs/WindowsException'> (0x00000000f5aade58) thrown at [C:\src\AOSP-openjdk-git\hotspot\src\share\vm\prims\jni.cpp, line 710]
Event: 1627.573 Thread 0x000000001e99b800 Exception <a 'sun/nio/fs/WindowsException'> (0x00000000f63ef500) thrown at [C:\src\AOSP-openjdk-git\hotspot\src\share\vm\prims\jni.cpp, line 710]
Event: 1627.574 Thread 0x000000001ae49000 Exception <a 'sun/nio/fs/WindowsException'> (0x00000000f67c55a8) thrown at [C:\src\AOSP-openjdk-git\hotspot\src\share\vm\prims\jni.cpp, line 710]
Event: 1627.727 Thread 0x000000001ae46800 Exception <a 'sun/nio/fs/WindowsException'> (0x00000000f9e2a1c0) thrown at [C:\src\AOSP-openjdk-git\hotspot\src\share\vm\prims\jni.cpp, line 710]
Event: 1629.003 Thread 0x000000001e99b800 Exception <a 'java/lang/NoSuchMethodError': java.lang.Object.lambda$maxBy$1(Ljava/util/Comparator;Ljava/lang/Object;Ljava/lang/Object;)Ljava/lang/Object;> (0x00000000e516cc68) thrown at [C:\src\AOSP-openjdk-git\hotspot\src\share\vm\interpreter\linkResolve

Events (10 events):
Event: 1629.049 loading class com/android/tools/r8/code/S0
Event: 1629.049 loading class com/android/tools/r8/code/S0 done
Event: 1629.049 loading class com/android/tools/r8/ir/conversion/H
Event: 1629.049 loading class com/android/tools/r8/ir/conversion/H done
Event: 1629.049 loading class com/android/tools/r8/ir/conversion/D
Event: 1629.049 loading class com/android/tools/r8/ir/conversion/D done
Event: 1629.050 loading class com/android/tools/r8/code/Y0
Event: 1629.050 loading class com/android/tools/r8/code/Y0 done
Event: 1629.051 loading class com/android/tools/r8/code/v0
Event: 1629.051 loading class com/android/tools/r8/code/v0 done


Dynamic libraries:
0x00007ff7c7660000 - 0x00007ff7c7691000 	C:\Program Files\Android\Android Studio\jre\bin\java.exe
0x00007ffad80d0000 - 0x00007ffad82c5000 	C:\WINDOWS\SYSTEM32\ntdll.dll
0x00007ffad7910000 - 0x00007ffad79cd000 	C:\WINDOWS\System32\KERNEL32.DLL
0x00007ffad5840000 - 0x00007ffad5b08000 	C:\WINDOWS\System32\KERNELBASE.dll
0x00007ffad7840000 - 0x00007ffad78ec000 	C:\WINDOWS\System32\ADVAPI32.dll
0x00007ffad7aa0000 - 0x00007ffad7b3e000 	C:\WINDOWS\System32\msvcrt.dll
0x00007ffad7100000 - 0x00007ffad719b000 	C:\WINDOWS\System32\sechost.dll
0x00007ffad7c60000 - 0x00007ffad7d8b000 	C:\WINDOWS\System32\RPCRT4.dll
0x00007ffad6f60000 - 0x00007ffad7100000 	C:\WINDOWS\System32\USER32.dll
0x00007ffad5810000 - 0x00007ffad5832000 	C:\WINDOWS\System32\win32u.dll
0x00007ffad7d90000 - 0x00007ffad7dba000 	C:\WINDOWS\System32\GDI32.dll
0x00007ffad5f10000 - 0x00007ffad601b000 	C:\WINDOWS\System32\gdi32full.dll
0x00007ffad5df0000 - 0x00007ffad5e8d000 	C:\WINDOWS\System32\msvcp_win.dll
0x00007ffad5b90000 - 0x00007ffad5c90000 	C:\WINDOWS\System32\ucrtbase.dll
0x00007ffac5a90000 - 0x00007ffac5d2a000 	C:\WINDOWS\WinSxS\amd64_microsoft.windows.common-controls_6595b64144ccf1df_6.0.19041.844_none_ca00b6081b84eb1d\COMCTL32.dll
0x00007ffad6e50000 - 0x00007ffad6e80000 	C:\WINDOWS\System32\IMM32.DLL
0x0000000054180000 - 0x0000000054252000 	C:\Program Files\Android\Android Studio\jre\jre\bin\msvcr100.dll
0x00000000535e0000 - 0x0000000053e2b000 	C:\Program Files\Android\Android Studio\jre\jre\bin\server\jvm.dll
0x00007ffad7dc0000 - 0x00007ffad7dc8000 	C:\WINDOWS\System32\PSAPI.DLL
0x00007ffac5ee0000 - 0x00007ffac5f07000 	C:\WINDOWS\SYSTEM32\WINMM.dll
0x00007ffacb880000 - 0x00007ffacb88a000 	C:\WINDOWS\SYSTEM32\VERSION.dll
0x00007ffad0c80000 - 0x00007ffad0c89000 	C:\WINDOWS\SYSTEM32\WSOCK32.dll
0x00007ffad79d0000 - 0x00007ffad7a3b000 	C:\WINDOWS\System32\WS2_32.dll
0x00007ffacf3d0000 - 0x00007ffacf3df000 	C:\Program Files\Android\Android Studio\jre\jre\bin\verify.dll
0x00007ffab9e80000 - 0x00007ffab9ea9000 	C:\Program Files\Android\Android Studio\jre\jre\bin\java.dll
0x00007ffab9e60000 - 0x00007ffab9e76000 	C:\Program Files\Android\Android Studio\jre\jre\bin\zip.dll
0x00007ffad66e0000 - 0x00007ffad6e22000 	C:\WINDOWS\System32\SHELL32.dll
0x00007ffad3950000 - 0x00007ffad40e1000 	C:\WINDOWS\SYSTEM32\windows.storage.dll
0x00007ffad6130000 - 0x00007ffad6485000 	C:\WINDOWS\System32\combase.dll
0x00007ffad5280000 - 0x00007ffad52ac000 	C:\WINDOWS\SYSTEM32\Wldp.dll
0x00007ffad71a0000 - 0x00007ffad724e000 	C:\WINDOWS\System32\SHCORE.dll
0x00007ffad7a40000 - 0x00007ffad7a95000 	C:\WINDOWS\System32\shlwapi.dll
0x00007ffad5750000 - 0x00007ffad576f000 	C:\WINDOWS\SYSTEM32\profapi.dll
0x00007ffaaf480000 - 0x00007ffaaf49a000 	C:\Program Files\Android\Android Studio\jre\jre\bin\net.dll
0x00007ffad4ff0000 - 0x00007ffad505a000 	C:\WINDOWS\system32\mswsock.dll
0x00007ffaa7600000 - 0x00007ffaa7613000 	C:\Program Files\Android\Android Studio\jre\jre\bin\nio.dll
0x00007ffaae500000 - 0x00007ffaae526000 	C:\Users\erkam\.gradle\native\31\windows-amd64\native-platform.dll
0x00007ffacf3c0000 - 0x00007ffacf3cd000 	C:\Program Files\Android\Android Studio\jre\jre\bin\management.dll
0x00007ffad51c0000 - 0x00007ffad51d8000 	C:\WINDOWS\SYSTEM32\CRYPTSP.dll
0x00007ffad4920000 - 0x00007ffad4954000 	C:\WINDOWS\system32\rsaenh.dll
0x00007ffad5b60000 - 0x00007ffad5b87000 	C:\WINDOWS\System32\bcrypt.dll
0x00007ffad5710000 - 0x00007ffad573e000 	C:\WINDOWS\SYSTEM32\USERENV.dll
0x00007ffad5e90000 - 0x00007ffad5f10000 	C:\WINDOWS\System32\bcryptprimitives.dll
0x00007ffad51e0000 - 0x00007ffad51ec000 	C:\WINDOWS\SYSTEM32\CRYPTBASE.dll
0x00007ffad4c90000 - 0x00007ffad4ccb000 	C:\WINDOWS\SYSTEM32\IPHLPAPI.DLL
0x00007ffad6e40000 - 0x00007ffad6e48000 	C:\WINDOWS\System32\NSI.dll
0x00007ffacd2f0000 - 0x00007ffacd307000 	C:\WINDOWS\SYSTEM32\dhcpcsvc6.DLL
0x00007ffacea80000 - 0x00007ffacea9d000 	C:\WINDOWS\SYSTEM32\dhcpcsvc.DLL
0x00007ffad4ce0000 - 0x00007ffad4dac000 	C:\WINDOWS\SYSTEM32\DNSAPI.dll

VM Arguments:
jvm_args: -Xmx1536m -Dfile.encoding=windows-1254 -Duser.country=TR -Duser.language=tr -Duser.variant 
java_command: org.gradle.launcher.daemon.bootstrap.GradleDaemon 6.1.1
java_class_path (initial): C:\Users\erkam\.gradle\wrapper\dists\gradle-6.1.1-all\cfmwm155h49vnt3hynmlrsdst\gradle-6.1.1\lib\gradle-launcher-6.1.1.jar
Launcher Type: SUN_STANDARD

Environment Variables:
PATH=C:\Windows\system32;C:\Windows;C:\Windows\System32\Wbem;C:\Windows\System32\WindowsPowerShell\v1.0\;C:\Windows\System32\OpenSSH\;C:\Program Files (x86)\NVIDIA Corporation\PhysX\Common;C:\Program Files\NVIDIA Corporation\NVIDIA NvDLISR;C:\WINDOWS\system32;C:\WINDOWS;C:\WINDOWS\System32\Wbem;C:\WINDOWS\System32\WindowsPowerShell\v1.0\;C:\WINDOWS\System32\OpenSSH\;C:\Program Files\Git\cmd;C:\Users\erkam\AppData\Local\Microsoft\WindowsApps;
USERNAME=erkam
OS=Windows_NT
PROCESSOR_IDENTIFIER=Intel64 Family 6 Model 165 Stepping 2, GenuineIntel



---------------  S Y S T E M  ---------------

OS: Windows 10.0 , 64 bit Build 19041 (10.0.19041.928)

CPU:total 8 (initial active 8) (4 cores per cpu, 2 threads per core) family 6 model 165 stepping 2, cmov, cx8, fxsr, mmx, sse, sse2, sse3, ssse3, sse4.1, sse4.2, popcnt, avx, avx2, aes, clmul, erms, 3dnowpref, lzcnt, ht, tsc, tscinvbit, bmi1, bmi2, adx

Memory: 4k page, physical 8253684k(394576k free), swap 33419508k(576k free)

vm_info: OpenJDK 64-Bit Server VM (25.242-b01) for windows-amd64 JRE (1.8.0_242-release-1644-b01), built by "builder" with MS VC++ 10.0 (VS2010)

time: Sun May 16 23:54:53 2021
timezone: Türkiye Standart Saati
elapsed time: 1629 seconds (0d 0h 27m 9s)

